<?xml version="1.0" encoding="UTF-8"?>
<!-- Generated by org.testng.reporters.JUnitXMLReporter -->
<testsuite ignored="2" hostname="Shobhendra" failures="0" tests="1" name="Default test" time="1.95" errors="0" timestamp="2025-10-13T14:00:27 GMT-08:00">
  <testcase classname="RestAssured.CheckForValidResponse" name="GetSingleUserValidationUsingBddStyle" time="1.768"/>
  <testcase classname="RestAssured.CheckForValidResponse" name="getSingleUser" time="0.0">
    <ignored/>
  </testcase> <!-- getSingleUser -->
  <testcase classname="RestAssured.CheckForValidResponse" name="GetSingleUserUsingValidatableResponse" time="0.0">
    <ignored/>
  </testcase> <!-- GetSingleUserUsingValidatableResponse -->
</testsuite> <!-- Default test -->
