<?xml version="1.0" encoding="UTF-8"?>
<testng-results ignored="2" total="3" passed="1" failed="0" skipped="0">
  <reporter-output>
  </reporter-output>
  <suite started-at="2025-10-13T14:00:25 GMT-08:00" name="Default suite" finished-at="2025-10-13T14:00:27 GMT-08:00" duration-ms="1950">
    <groups>
    </groups>
    <test started-at="2025-10-13T14:00:25 GMT-08:00" name="Default test" finished-at="2025-10-13T14:00:27 GMT-08:00" duration-ms="1950">
      <class name="RestAssured.CheckForValidResponse">
        <test-method signature="GetSingleUserValidationUsingBddStyle()[pri:0, instance:RestAssured.CheckForValidResponse@177bea38]" started-at="2025-10-13T14:00:25 GMT-08:00" name="GetSingleUserValidationUsingBddStyle" finished-at="2025-10-13T14:00:27 GMT-08:00" duration-ms="1768" status="PASS">
          <reporter-output>
          </reporter-output>
        </test-method> <!-- GetSingleUserValidationUsingBddStyle -->
      </class> <!-- RestAssured.CheckForValidResponse -->
    </test> <!-- Default test -->
  </suite> <!-- Default suite -->
</testng-results>
