<?xml version="1.0" encoding="UTF-8"?>
<testng-results ignored="0" total="2" passed="2" failed="0" skipped="0">
  <reporter-output>
  </reporter-output>
  <suite started-at="2025-10-07T14:47:13 GMT-08:00" name="Default suite" finished-at="2025-10-07T14:47:16 GMT-08:00" duration-ms="3267">
    <groups>
    </groups>
    <test started-at="2025-10-07T14:47:13 GMT-08:00" name="Default test" finished-at="2025-10-07T14:47:16 GMT-08:00" duration-ms="3267">
      <class name="RestAssured.GetMethod">
        <test-method signature="RequestUsingGivenWhenThen()[pri:0, instance:RestAssured.GetMethod@ee86bcb]" started-at="2025-10-07T14:47:13 GMT-08:00" name="RequestUsingGivenWhenThen" finished-at="2025-10-07T14:47:15 GMT-08:00" duration-ms="2318" status="PASS">
          <reporter-output>
          </reporter-output>
        </test-method> <!-- RequestUsingGivenWhenThen -->
        <test-method signature="getRequest()[pri:0, instance:RestAssured.GetMethod@ee86bcb]" started-at="2025-10-07T14:47:15 GMT-08:00" name="getRequest" finished-at="2025-10-07T14:47:16 GMT-08:00" duration-ms="863" status="PASS">
          <reporter-output>
          </reporter-output>
        </test-method> <!-- getRequest -->
      </class> <!-- RestAssured.GetMethod -->
    </test> <!-- Default test -->
  </suite> <!-- Default suite -->
</testng-results>
